Flow report for N4
Sun Nov 17 01:13:21 2019
Quartus II 64-Bit Version 13.1.0 Build 162 10/23/2013 SJ Web Edition


---------------------
; Table of Contents ;
---------------------
  1. Legal Notice
  2. Flow Summary
  3. Flow Settings
  4. Flow Non-Default Global Settings
  5. Flow Elapsed Time
  6. Flow OS Summary
  7. Flow Log
  8. Flow Messages
  9. Flow Suppressed Messages



----------------
; Legal Notice ;
----------------
Copyright (C) 1991-2013 Altera Corporation
Your use of Altera Corporation's design tools, logic functions 
and other software and tools, and its AMPP partner logic 
functions, and any output files from any of the foregoing 
(including device programming or simulation files), and any 
associated documentation or information are expressly subject 
to the terms and conditions of the Altera Program License 
Subscription Agreement, Altera MegaCore Function License 
Agreement, or other applicable license agreement, including, 
without limitation, that your use is for the sole purpose of 
programming logic devices manufactured by Altera and sold by 
Altera or its authorized distributors.  Please refer to the 
applicable agreement for further details.



+---------------------------------------------------------------------------------+
; Flow Summary                                                                    ;
+------------------------------------+--------------------------------------------+
; Flow Status                        ; Successful - Sun Nov 17 01:13:21 2019      ;
; Quartus II 64-Bit Version          ; 13.1.0 Build 162 10/23/2013 SJ Web Edition ;
; Revision Name                      ; N4                                         ;
; Top-level Entity Name              ; N4                                         ;
; Family                             ; Cyclone IV E                               ;
; Total logic elements               ; 35 / 6,272 ( < 1 % )                       ;
;     Total combinational functions  ; 35 / 6,272 ( < 1 % )                       ;
;     Dedicated logic registers      ; 18 / 6,272 ( < 1 % )                       ;
; Total registers                    ; 18                                         ;
; Total pins                         ; 20 / 92 ( 22 % )                           ;
; Total virtual pins                 ; 0                                          ;
; Total memory bits                  ; 0 / 276,480 ( 0 % )                        ;
; Embedded Multiplier 9-bit elements ; 0 / 30 ( 0 % )                             ;
; Total PLLs                         ; 0 / 2 ( 0 % )                              ;
; Device                             ; EP4CE6E22C6                                ;
; Timing Models                      ; Final                                      ;
+------------------------------------+--------------------------------------------+


+-----------------------------------------+
; Flow Settings                           ;
+-------------------+---------------------+
; Option            ; Setting             ;
+-------------------+---------------------+
; Start date & time ; 11/17/2019 00:29:51 ;
; Main task         ; Compilation         ;
; Revision Name     ; N4                  ;
+-------------------+---------------------+


+-----------------------------------------------------------------------------------------------------------------------------------------------------------+
; Flow Non-Default Global Settings                                                                                                                          ;
+-------------------------------------+----------------------------------------------------------------------+---------------+-------------+----------------+
; Assignment Name                     ; Value                                                                ; Default Value ; Entity Name ; Section Id     ;
+-------------------------------------+----------------------------------------------------------------------+---------------+-------------+----------------+
; COMPILER_SIGNATURE_ID               ; 0.157392179109902                                                    ; --            ; --          ; --             ;
; EDA_GENERATE_FUNCTIONAL_NETLIST     ; On                                                                   ; --            ; --          ; eda_simulation ;
; EDA_NETLIST_WRITER_OUTPUT_DIR       ; /media/d/Code/school/Sophomore/verilog2/20191017/N4/simulation/qsim/ ; --            ; --          ; eda_simulation ;
; EDA_OUTPUT_DATA_FORMAT              ; Verilog Hdl                                                          ; --            ; --          ; eda_simulation ;
; EDA_RUN_TOOL_AUTOMATICALLY          ; Off                                                                  ; --            ; --          ; eda_simulation ;
; EDA_SIMULATION_TOOL                 ; ModelSim-Altera (Verilog)                                            ; <None>        ; --          ; --             ;
; EDA_TIME_SCALE                      ; 1 ns                                                                 ; --            ; --          ; eda_simulation ;
; PARTITION_COLOR                     ; 16764057                                                             ; --            ; --          ; Top            ;
; PARTITION_FITTER_PRESERVATION_LEVEL ; PLACEMENT_AND_ROUTING                                                ; --            ; --          ; Top            ;
; PARTITION_NETLIST_TYPE              ; SOURCE                                                               ; --            ; --          ; Top            ;
; PROJECT_OUTPUT_DIRECTORY            ; output_files                                                         ; --            ; --          ; --             ;
+-------------------------------------+----------------------------------------------------------------------+---------------+-------------+----------------+


+-------------------------------------------------------------------------------------------------------------------------------+
; Flow Elapsed Time                                                                                                             ;
+---------------------------+--------------+-------------------------+---------------------+------------------------------------+
; Module Name               ; Elapsed Time ; Average Processors Used ; Peak Virtual Memory ; Total CPU Time (on all processors) ;
+---------------------------+--------------+-------------------------+---------------------+------------------------------------+
; Analysis & Synthesis      ; 00:00:01     ; 1.0                     ; 614 MB              ; 00:00:01                           ;
; Fitter                    ; 00:00:06     ; 1.0                     ; 862 MB              ; 00:00:05                           ;
; Assembler                 ; 00:00:01     ; 1.0                     ; 603 MB              ; 00:00:01                           ;
; TimeQuest Timing Analyzer ; 00:00:01     ; 1.0                     ; 638 MB              ; 00:00:02                           ;
; EDA Netlist Writer        ; 00:00:01     ; 1.0                     ; 823 MB              ; 00:00:00                           ;
; EDA Netlist Writer        ; 00:00:00     ; 1.0                     ; 855 MB              ; 00:00:00                           ;
; EDA Netlist Writer        ; 00:00:01     ; 1.0                     ; 855 MB              ; 00:00:00                           ;
; EDA Netlist Writer        ; 00:00:00     ; 1.0                     ; 855 MB              ; 00:00:00                           ;
; EDA Netlist Writer        ; 00:00:00     ; 1.0                     ; 855 MB              ; 00:00:00                           ;
; Total                     ; 00:00:11     ; --                      ; --                  ; 00:00:09                           ;
+---------------------------+--------------+-------------------------+---------------------+------------------------------------+


+---------------------------------------------------------------------------------------------+
; Flow OS Summary                                                                             ;
+---------------------------+------------------+----------------+------------+----------------+
; Module Name               ; Machine Hostname ; OS Name        ; OS Version ; Processor type ;
+---------------------------+------------------+----------------+------------+----------------+
; Analysis & Synthesis      ; vins-X510UNR     ; Ubuntu 18.04.3 ; 18         ; x86_64         ;
; Fitter                    ; vins-X510UNR     ; Ubuntu 18.04.3 ; 18         ; x86_64         ;
; Assembler                 ; vins-X510UNR     ; Ubuntu 18.04.3 ; 18         ; x86_64         ;
; TimeQuest Timing Analyzer ; vins-X510UNR     ; Ubuntu 18.04.3 ; 18         ; x86_64         ;
; EDA Netlist Writer        ; vins-X510UNR     ; Ubuntu 18.04.3 ; 18         ; x86_64         ;
; EDA Netlist Writer        ; vins-X510UNR     ; Ubuntu 18.04.3 ; 18         ; x86_64         ;
; EDA Netlist Writer        ; vins-X510UNR     ; Ubuntu 18.04.3 ; 18         ; x86_64         ;
; EDA Netlist Writer        ; vins-X510UNR     ; Ubuntu 18.04.3 ; 18         ; x86_64         ;
; EDA Netlist Writer        ; vins-X510UNR     ; Ubuntu 18.04.3 ; 18         ; x86_64         ;
+---------------------------+------------------+----------------+------------+----------------+


------------
; Flow Log ;
------------
quartus_map --read_settings_files=on --write_settings_files=off N4 -c N4
quartus_fit --read_settings_files=off --write_settings_files=off N4 -c N4
quartus_asm --read_settings_files=off --write_settings_files=off N4 -c N4
quartus_sta N4 -c N4
quartus_eda --read_settings_files=off --write_settings_files=off N4 -c N4
quartus_eda --gen_testbench --check_outputs=on --tool=modelsim_oem --format=verilog N4 -c N4 --vector_source=/media/d/Code/school/Sophomore/verilog2/20191017/N4/Waveform2.vwf --testbench_file=/media/d/Code/school/Sophomore/verilog2/20191017/N4/simulation/qsim/Waveform2.vwf.vt
quartus_eda --functional=on --flatten_buses=off --simulation=on --tool=modelsim_oem --format=verilog --output_directory=/media/d/Code/school/Sophomore/verilog2/20191017/N4/simulation/qsim/ N4 -c N4
quartus_eda --gen_testbench --check_outputs=on --tool=modelsim_oem --format=verilog N4 -c N4 --vector_source=/media/d/Code/school/Sophomore/verilog2/20191017/N4/Waveform2.vwf --testbench_file=/media/d/Code/school/Sophomore/verilog2/20191017/N4/simulation/qsim/Waveform2.vwf.vt
quartus_eda --functional=on --flatten_buses=off --simulation=on --tool=modelsim_oem --format=verilog --output_directory=/media/d/Code/school/Sophomore/verilog2/20191017/N4/simulation/qsim/ N4 -c N4



