Analysis & Synthesis report for End
Mon Dec 30 01:37:13 2019
Quartus II 64-Bit Version 13.1.0 Build 162 10/23/2013 SJ Web Edition


---------------------
; Table of Contents ;
---------------------
  1. Legal Notice
  2. Analysis & Synthesis Summary
  3. Analysis & Synthesis Settings
  4. Parallel Compilation
  5. Analysis & Synthesis Source Files Read
  6. Analysis & Synthesis Resource Usage Summary
  7. Analysis & Synthesis Resource Utilization by Entity
  8. State Machine - |End|IR_RECEIVE:IR_1|state
  9. Registers Removed During Synthesis
 10. General Register Statistics
 11. Inverted Register Statistics
 12. Multiplexer Restructuring Statistics (Restructuring Performed)
 13. Parameter Settings for User Entity Instance: Top-level Entity: |End
 14. Parameter Settings for User Entity Instance: VGA:vga_
 15. Parameter Settings for User Entity Instance: IR_RECEIVE:IR_1
 16. Parameter Settings for User Entity Instance: BCD_16bit:bcd_16bit
 17. Parameter Settings for User Entity Instance: Roles:roles_
 18. Parameter Settings for User Entity Instance: Cactus:Cactus_
 19. Port Connectivity Checks: "IR_RECEIVE:IR_1"
 20. Elapsed Time Per Partition
 21. Analysis & Synthesis Messages



----------------
; Legal Notice ;
----------------
Copyright (C) 1991-2013 Altera Corporation
Your use of Altera Corporation's design tools, logic functions 
and other software and tools, and its AMPP partner logic 
functions, and any output files from any of the foregoing 
(including device programming or simulation files), and any 
associated documentation or information are expressly subject 
to the terms and conditions of the Altera Program License 
Subscription Agreement, Altera MegaCore Function License 
Agreement, or other applicable license agreement, including, 
without limitation, that your use is for the sole purpose of 
programming logic devices manufactured by Altera and sold by 
Altera or its authorized distributors.  Please refer to the 
applicable agreement for further details.



+---------------------------------------------------------------------------------+
; Analysis & Synthesis Summary                                                    ;
+------------------------------------+--------------------------------------------+
; Analysis & Synthesis Status        ; Successful - Mon Dec 30 01:37:13 2019      ;
; Quartus II 64-Bit Version          ; 13.1.0 Build 162 10/23/2013 SJ Web Edition ;
; Revision Name                      ; End                                        ;
; Top-level Entity Name              ; End                                        ;
; Family                             ; Cyclone IV E                               ;
; Total logic elements               ; 1,128                                      ;
;     Total combinational functions  ; 1,101                                      ;
;     Dedicated logic registers      ; 244                                        ;
; Total registers                    ; 244                                        ;
; Total pins                         ; 65                                         ;
; Total virtual pins                 ; 0                                          ;
; Total memory bits                  ; 0                                          ;
; Embedded Multiplier 9-bit elements ; 0                                          ;
; Total PLLs                         ; 0                                          ;
+------------------------------------+--------------------------------------------+


+----------------------------------------------------------------------------------------------------------------------+
; Analysis & Synthesis Settings                                                                                        ;
+----------------------------------------------------------------------------+--------------------+--------------------+
; Option                                                                     ; Setting            ; Default Value      ;
+----------------------------------------------------------------------------+--------------------+--------------------+
; Device                                                                     ; EP4CE115F29C7      ;                    ;
; Top-level entity name                                                      ; End                ; End                ;
; Family name                                                                ; Cyclone IV E       ; Cyclone IV GX      ;
; Use smart compilation                                                      ; Off                ; Off                ;
; Enable parallel Assembler and TimeQuest Timing Analyzer during compilation ; On                 ; On                 ;
; Enable compact report table                                                ; Off                ; Off                ;
; Restructure Multiplexers                                                   ; Auto               ; Auto               ;
; Create Debugging Nodes for IP Cores                                        ; Off                ; Off                ;
; Preserve fewer node names                                                  ; On                 ; On                 ;
; Disable OpenCore Plus hardware evaluation                                  ; Off                ; Off                ;
; Verilog Version                                                            ; Verilog_2001       ; Verilog_2001       ;
; VHDL Version                                                               ; VHDL_1993          ; VHDL_1993          ;
; State Machine Processing                                                   ; Auto               ; Auto               ;
; Safe State Machine                                                         ; Off                ; Off                ;
; Extract Verilog State Machines                                             ; On                 ; On                 ;
; Extract VHDL State Machines                                                ; On                 ; On                 ;
; Ignore Verilog initial constructs                                          ; Off                ; Off                ;
; Iteration limit for constant Verilog loops                                 ; 5000               ; 5000               ;
; Iteration limit for non-constant Verilog loops                             ; 250                ; 250                ;
; Add Pass-Through Logic to Inferred RAMs                                    ; On                 ; On                 ;
; Infer RAMs from Raw Logic                                                  ; On                 ; On                 ;
; Parallel Synthesis                                                         ; On                 ; On                 ;
; DSP Block Balancing                                                        ; Auto               ; Auto               ;
; NOT Gate Push-Back                                                         ; On                 ; On                 ;
; Power-Up Don't Care                                                        ; On                 ; On                 ;
; Remove Redundant Logic Cells                                               ; Off                ; Off                ;
; Remove Duplicate Registers                                                 ; On                 ; On                 ;
; Ignore CARRY Buffers                                                       ; Off                ; Off                ;
; Ignore CASCADE Buffers                                                     ; Off                ; Off                ;
; Ignore GLOBAL Buffers                                                      ; Off                ; Off                ;
; Ignore ROW GLOBAL Buffers                                                  ; Off                ; Off                ;
; Ignore LCELL Buffers                                                       ; Off                ; Off                ;
; Ignore SOFT Buffers                                                        ; On                 ; On                 ;
; Limit AHDL Integers to 32 Bits                                             ; Off                ; Off                ;
; Optimization Technique                                                     ; Balanced           ; Balanced           ;
; Carry Chain Length                                                         ; 70                 ; 70                 ;
; Auto Carry Chains                                                          ; On                 ; On                 ;
; Auto Open-Drain Pins                                                       ; On                 ; On                 ;
; Perform WYSIWYG Primitive Resynthesis                                      ; Off                ; Off                ;
; Auto ROM Replacement                                                       ; On                 ; On                 ;
; Auto RAM Replacement                                                       ; On                 ; On                 ;
; Auto DSP Block Replacement                                                 ; On                 ; On                 ;
; Auto Shift Register Replacement                                            ; Auto               ; Auto               ;
; Allow Shift Register Merging across Hierarchies                            ; Auto               ; Auto               ;
; Auto Clock Enable Replacement                                              ; On                 ; On                 ;
; Strict RAM Replacement                                                     ; Off                ; Off                ;
; Allow Synchronous Control Signals                                          ; On                 ; On                 ;
; Force Use of Synchronous Clear Signals                                     ; Off                ; Off                ;
; Auto RAM Block Balancing                                                   ; On                 ; On                 ;
; Auto RAM to Logic Cell Conversion                                          ; Off                ; Off                ;
; Auto Resource Sharing                                                      ; Off                ; Off                ;
; Allow Any RAM Size For Recognition                                         ; Off                ; Off                ;
; Allow Any ROM Size For Recognition                                         ; Off                ; Off                ;
; Allow Any Shift Register Size For Recognition                              ; Off                ; Off                ;
; Use LogicLock Constraints during Resource Balancing                        ; On                 ; On                 ;
; Ignore translate_off and synthesis_off directives                          ; Off                ; Off                ;
; Timing-Driven Synthesis                                                    ; On                 ; On                 ;
; Report Parameter Settings                                                  ; On                 ; On                 ;
; Report Source Assignments                                                  ; On                 ; On                 ;
; Report Connectivity Checks                                                 ; On                 ; On                 ;
; Ignore Maximum Fan-Out Assignments                                         ; Off                ; Off                ;
; Synchronization Register Chain Length                                      ; 2                  ; 2                  ;
; PowerPlay Power Optimization                                               ; Normal compilation ; Normal compilation ;
; HDL message level                                                          ; Level2             ; Level2             ;
; Suppress Register Optimization Related Messages                            ; Off                ; Off                ;
; Number of Removed Registers Reported in Synthesis Report                   ; 5000               ; 5000               ;
; Number of Swept Nodes Reported in Synthesis Report                         ; 5000               ; 5000               ;
; Number of Inverted Registers Reported in Synthesis Report                  ; 100                ; 100                ;
; Clock MUX Protection                                                       ; On                 ; On                 ;
; Auto Gated Clock Conversion                                                ; Off                ; Off                ;
; Block Design Naming                                                        ; Auto               ; Auto               ;
; SDC constraint protection                                                  ; Off                ; Off                ;
; Synthesis Effort                                                           ; Auto               ; Auto               ;
; Shift Register Replacement - Allow Asynchronous Clear Signal               ; On                 ; On                 ;
; Pre-Mapping Resynthesis Optimization                                       ; Off                ; Off                ;
; Analysis & Synthesis Message Level                                         ; Medium             ; Medium             ;
; Disable Register Merging Across Hierarchies                                ; Auto               ; Auto               ;
; Resource Aware Inference For Block RAM                                     ; On                 ; On                 ;
; Synthesis Seed                                                             ; 1                  ; 1                  ;
+----------------------------------------------------------------------------+--------------------+--------------------+


+------------------------------------------+
; Parallel Compilation                     ;
+----------------------------+-------------+
; Processors                 ; Number      ;
+----------------------------+-------------+
; Number detected on machine ; 8           ;
; Maximum allowed            ; 4           ;
;                            ;             ;
; Average used               ; 1.00        ;
; Maximum used               ; 4           ;
;                            ;             ;
; Usage by Processor         ; % Time Used ;
;     Processor 1            ; 100.0%      ;
;     Processors 2-4         ; < 0.1%      ;
;     Processors 5-8         ;   0.0%      ;
+----------------------------+-------------+


+---------------------------------------------------------------------------------------------------------------------------------------------------------+
; Analysis & Synthesis Source Files Read                                                                                                                  ;
+----------------------------------+-----------------+------------------------------+-----------------------------------------------------------+---------+
; File Name with User-Entered Path ; Used in Netlist ; File Type                    ; File Name with Absolute Path                              ; Library ;
+----------------------------------+-----------------+------------------------------+-----------------------------------------------------------+---------+
; End.v                            ; yes             ; User Verilog HDL File        ; D:/Code/school/Sophomore/verilog2/End/End.v               ;         ;
; Module/Roles.v                   ; yes             ; Auto-Found Verilog HDL File  ; D:/Code/school/Sophomore/verilog2/End/Module/Roles.v      ;         ;
; Module/Cactus.v                  ; yes             ; Auto-Found Verilog HDL File  ; D:/Code/school/Sophomore/verilog2/End/Module/Cactus.v     ;         ;
; Module/VGA.v                     ; yes             ; Auto-Found Verilog HDL File  ; D:/Code/school/Sophomore/verilog2/End/Module/VGA.v        ;         ;
; Module/IR_RECEIVE.V              ; yes             ; Auto-Found Verilog HDL File  ; D:/Code/school/Sophomore/verilog2/End/Module/IR_RECEIVE.V ;         ;
; Module/BCD_16bit.v               ; yes             ; Auto-Found Verilog HDL File  ; D:/Code/school/Sophomore/verilog2/End/Module/BCD_16bit.v  ;         ;
; Module/Segment_7.v               ; yes             ; Auto-Found Verilog HDL File  ; D:/Code/school/Sophomore/verilog2/End/Module/Segment_7.v  ;         ;
+----------------------------------+-----------------+------------------------------+-----------------------------------------------------------+---------+


+-------------------------------------------------------------+
; Analysis & Synthesis Resource Usage Summary                 ;
+---------------------------------------------+---------------+
; Resource                                    ; Usage         ;
+---------------------------------------------+---------------+
; Estimated Total logic elements              ; 1,128         ;
;                                             ;               ;
; Total combinational functions               ; 1101          ;
; Logic element usage by number of LUT inputs ;               ;
;     -- 4 input functions                    ; 623           ;
;     -- 3 input functions                    ; 192           ;
;     -- <=2 input functions                  ; 286           ;
;                                             ;               ;
; Logic elements by mode                      ;               ;
;     -- normal mode                          ; 839           ;
;     -- arithmetic mode                      ; 262           ;
;                                             ;               ;
; Total registers                             ; 244           ;
;     -- Dedicated logic registers            ; 244           ;
;     -- I/O registers                        ; 0             ;
;                                             ;               ;
; I/O pins                                    ; 65            ;
; Embedded Multiplier 9-bit elements          ; 0             ;
; Maximum fan-out node                        ; VGA:vga_|X[3] ;
; Maximum fan-out                             ; 186           ;
; Total fan-out                               ; 4615          ;
; Average fan-out                             ; 3.13          ;
+---------------------------------------------+---------------+


+------------------------------------------------------------------------------------------------------------------------------------------------------------------------------+
; Analysis & Synthesis Resource Utilization by Entity                                                                                                                          ;
+----------------------------+-------------------+--------------+-------------+--------------+---------+-----------+------+--------------+----------------------+--------------+
; Compilation Hierarchy Node ; LC Combinationals ; LC Registers ; Memory Bits ; DSP Elements ; DSP 9x9 ; DSP 18x18 ; Pins ; Virtual Pins ; Full Hierarchy Name  ; Library Name ;
+----------------------------+-------------------+--------------+-------------+--------------+---------+-----------+------+--------------+----------------------+--------------+
; |End                       ; 1101 (829)        ; 244 (70)     ; 0           ; 0            ; 0       ; 0         ; 65   ; 0            ; |End                 ; work         ;
;    |Cactus:Cactus_|        ; 10 (10)           ; 9 (9)        ; 0           ; 0            ; 0       ; 0         ; 0    ; 0            ; |End|Cactus:Cactus_  ; work         ;
;    |IR_RECEIVE:IR_1|       ; 128 (128)         ; 99 (99)      ; 0           ; 0            ; 0       ; 0         ; 0    ; 0            ; |End|IR_RECEIVE:IR_1 ; work         ;
;    |Roles:roles_|          ; 67 (67)           ; 20 (20)      ; 0           ; 0            ; 0       ; 0         ; 0    ; 0            ; |End|Roles:roles_    ; work         ;
;    |Segment_7:hex_0|       ; 3 (3)             ; 0 (0)        ; 0           ; 0            ; 0       ; 0         ; 0    ; 0            ; |End|Segment_7:hex_0 ; work         ;
;    |VGA:vga_|              ; 64 (64)           ; 46 (46)      ; 0           ; 0            ; 0       ; 0         ; 0    ; 0            ; |End|VGA:vga_        ; work         ;
+----------------------------+-------------------+--------------+-------------+--------------+---------+-----------+------+--------------+----------------------+--------------+
Note: For table entries with two numbers listed, the numbers in parentheses indicate the number of resources of the given type used by the specific entity alone. The numbers listed outside of parentheses indicate the total resources of the given type used by the specific entity and all of its sub-entities in the hierarchy.


Encoding Type:  One-Hot
+---------------------------------------------------------------+
; State Machine - |End|IR_RECEIVE:IR_1|state                    ;
+----------------+------------+----------------+----------------+
; Name           ; state.IDLE ; state.DATAREAD ; state.GUIDANCE ;
+----------------+------------+----------------+----------------+
; state.IDLE     ; 0          ; 0              ; 0              ;
; state.GUIDANCE ; 1          ; 0              ; 1              ;
; state.DATAREAD ; 1          ; 1              ; 0              ;
+----------------+------------+----------------+----------------+


+---------------------------------------------------------------------------------+
; Registers Removed During Synthesis                                              ;
+----------------------------------------+----------------------------------------+
; Register name                          ; Reason for Removal                     ;
+----------------------------------------+----------------------------------------+
; Cactus:Cactus_|Point_X[0]              ; Stuck at GND due to stuck port data_in ;
; VGA:vga_|X[12]                         ; Merged with VGA:vga_|X[11]             ;
; VGA:vga_|Y[11,12]                      ; Merged with VGA:vga_|Y[10]             ;
; Game_Fraction[2..15]                   ; Lost fanout                            ;
; Game_Speed[3]                          ; Stuck at GND due to stuck port data_in ;
; Total Number of Removed Registers = 19 ;                                        ;
+----------------------------------------+----------------------------------------+


+------------------------------------------------------+
; General Register Statistics                          ;
+----------------------------------------------+-------+
; Statistic                                    ; Value ;
+----------------------------------------------+-------+
; Total registers                              ; 244   ;
; Number of registers using Synchronous Clear  ; 141   ;
; Number of registers using Synchronous Load   ; 21    ;
; Number of registers using Asynchronous Clear ; 150   ;
; Number of registers using Asynchronous Load  ; 0     ;
; Number of registers using Clock Enable       ; 88    ;
; Number of registers using Preset             ; 0     ;
+----------------------------------------------+-------+


+---------------------------------------------------+
; Inverted Register Statistics                      ;
+-----------------------------------------+---------+
; Inverted Register                       ; Fan out ;
+-----------------------------------------+---------+
; Roles:roles_|Point_Y[8]                 ; 5       ;
; Roles:roles_|Point_Y[6]                 ; 5       ;
; Roles:roles_|Point_Y[5]                 ; 6       ;
; Roles:roles_|Point_Y[2]                 ; 5       ;
; Roles:roles_|Point_Y[0]                 ; 7       ;
; Cactus:Cactus_|Point_X[9]               ; 5       ;
; Cactus:Cactus_|Point_X[7]               ; 5       ;
; Game_Speed[1]                           ; 9       ;
; Game_Start                              ; 5       ;
; Roles:roles_|isJump                     ; 3       ;
; Total number of inverted registers = 10 ;         ;
+-----------------------------------------+---------+


+------------------------------------------------------------------------------------------------------------------------------------------------+
; Multiplexer Restructuring Statistics (Restructuring Performed)                                                                                 ;
+--------------------+-----------+---------------+----------------------+------------------------+------------+----------------------------------+
; Multiplexer Inputs ; Bus Width ; Baseline Area ; Area if Restructured ; Saving if Restructured ; Registered ; Example Multiplexer Output       ;
+--------------------+-----------+---------------+----------------------+------------------------+------------+----------------------------------+
; 3:1                ; 2 bits    ; 4 LEs         ; 2 LEs                ; 2 LEs                  ; Yes        ; |End|VGA_R[0]~reg0               ;
; 3:1                ; 2 bits    ; 4 LEs         ; 4 LEs                ; 0 LEs                  ; Yes        ; |End|VGA_B[4]~reg0               ;
; 3:1                ; 11 bits   ; 22 LEs        ; 11 LEs               ; 11 LEs                 ; Yes        ; |End|VGA:vga_|counterHS[0]       ;
; 3:1                ; 6 bits    ; 12 LEs        ; 6 LEs                ; 6 LEs                  ; Yes        ; |End|IR_RECEIVE:IR_1|bitcount[2] ;
; 4:1                ; 2 bits    ; 4 LEs         ; 4 LEs                ; 0 LEs                  ; Yes        ; |End|VGA_G[3]~reg0               ;
; 4:1                ; 2 bits    ; 4 LEs         ; 4 LEs                ; 0 LEs                  ; Yes        ; |End|VGA_B[1]~reg0               ;
; 4:1                ; 10 bits   ; 20 LEs        ; 10 LEs               ; 10 LEs                 ; Yes        ; |End|VGA:vga_|counterVS[2]       ;
; 3:1                ; 8 bits    ; 16 LEs        ; 8 LEs                ; 8 LEs                  ; Yes        ; |End|Roles:roles_|Move_Y[6]      ;
; 5:1                ; 2 bits    ; 6 LEs         ; 2 LEs                ; 4 LEs                  ; Yes        ; |End|Game_Speed[3]               ;
; 6:1                ; 3 bits    ; 12 LEs        ; 6 LEs                ; 6 LEs                  ; No         ; |End|IR_RECEIVE:IR_1|Selector2   ;
+--------------------+-----------+---------------+----------------------+------------------------+------------+----------------------------------+


+---------------------------------------------------------------------+
; Parameter Settings for User Entity Instance: Top-level Entity: |End ;
+------------------+--------------------------+-----------------------+
; Parameter Name   ; Value                    ; Type                  ;
+------------------+--------------------------+-----------------------+
; Roles_Color      ; 100100011111000011111010 ; Unsigned Binary       ;
; Cactus_Color     ; 100101001111110110100010 ; Unsigned Binary       ;
; Back_Color       ; 000000000000000000000000 ; Unsigned Binary       ;
; Floor_Color      ; 000001001000011110000111 ; Unsigned Binary       ;
; Fire_Color       ; 111111110011001100110011 ; Unsigned Binary       ;
; Roles_Width      ; 40                       ; Signed Integer        ;
; Roles_Heigh      ; 43                       ; Signed Integer        ;
; Roles_Fire_Width ; 18                       ; Signed Integer        ;
; Roles_Fire_Heigh ; 10                       ; Signed Integer        ;
; Cactus_Width_0   ; 15                       ; Signed Integer        ;
; Cactus_Heigh_0   ; 33                       ; Signed Integer        ;
+------------------+--------------------------+-----------------------+
Note: In order to hide this table in the UI and the text report file, please set the "Show Parameter Settings in Synthesis Report" option in "Analysis and Synthesis Settings -> More Settings" to "Off".


+-------------------------------------------------------+
; Parameter Settings for User Entity Instance: VGA:vga_ ;
+----------------+-------+------------------------------+
; Parameter Name ; Value ; Type                         ;
+----------------+-------+------------------------------+
; H_FRONT        ; 16    ; Signed Integer               ;
; H_SYNC         ; 96    ; Signed Integer               ;
; H_BACK         ; 48    ; Signed Integer               ;
; H_ACT          ; 640   ; Signed Integer               ;
; H_BLANK        ; 160   ; Signed Integer               ;
; H_TOTAL        ; 800   ; Signed Integer               ;
; V_FRONT        ; 11    ; Signed Integer               ;
; V_SYNC         ; 2     ; Signed Integer               ;
; V_BACK         ; 32    ; Signed Integer               ;
; V_ACT          ; 480   ; Signed Integer               ;
; V_BLANK        ; 45    ; Signed Integer               ;
; V_TOTAL        ; 525   ; Signed Integer               ;
+----------------+-------+------------------------------+
Note: In order to hide this table in the UI and the text report file, please set the "Show Parameter Settings in Synthesis Report" option in "Analysis and Synthesis Settings -> More Settings" to "Off".


+--------------------------------------------------------------+
; Parameter Settings for User Entity Instance: IR_RECEIVE:IR_1 ;
+-------------------+--------+---------------------------------+
; Parameter Name    ; Value  ; Type                            ;
+-------------------+--------+---------------------------------+
; IDLE              ; 00     ; Unsigned Binary                 ;
; GUIDANCE          ; 01     ; Unsigned Binary                 ;
; DATAREAD          ; 10     ; Unsigned Binary                 ;
; IDLE_DUR          ; 230000 ; Signed Integer                  ;
; GUIDANCE_DUR      ; 210000 ; Signed Integer                  ;
; DATAREAD_DUR      ; 262143 ; Signed Integer                  ;
; DATA_HIGH_DUR     ; 41500  ; Signed Integer                  ;
; BIT_AVAILABLE_DUR ; 20000  ; Signed Integer                  ;
+-------------------+--------+---------------------------------+
Note: In order to hide this table in the UI and the text report file, please set the "Show Parameter Settings in Synthesis Report" option in "Analysis and Synthesis Settings -> More Settings" to "Off".


+------------------------------------------------------------------+
; Parameter Settings for User Entity Instance: BCD_16bit:bcd_16bit ;
+----------------+-------+-----------------------------------------+
; Parameter Name ; Value ; Type                                    ;
+----------------+-------+-----------------------------------------+
; Number_size    ; 16    ; Signed Integer                          ;
+----------------+-------+-----------------------------------------+
Note: In order to hide this table in the UI and the text report file, please set the "Show Parameter Settings in Synthesis Report" option in "Analysis and Synthesis Settings -> More Settings" to "Off".


+-----------------------------------------------------------+
; Parameter Settings for User Entity Instance: Roles:roles_ ;
+----------------+-------+----------------------------------+
; Parameter Name ; Value ; Type                             ;
+----------------+-------+----------------------------------+
; Width          ; 40    ; Signed Integer                   ;
; Height         ; 43    ; Signed Integer                   ;
; Jump_Height    ; 13    ; Signed Integer                   ;
+----------------+-------+----------------------------------+
Note: In order to hide this table in the UI and the text report file, please set the "Show Parameter Settings in Synthesis Report" option in "Analysis and Synthesis Settings -> More Settings" to "Off".


+-------------------------------------------------------------+
; Parameter Settings for User Entity Instance: Cactus:Cactus_ ;
+----------------+-------+------------------------------------+
; Parameter Name ; Value ; Type                               ;
+----------------+-------+------------------------------------+
; Width          ; 15    ; Signed Integer                     ;
; Height         ; 33    ; Signed Integer                     ;
+----------------+-------+------------------------------------+
Note: In order to hide this table in the UI and the text report file, please set the "Show Parameter Settings in Synthesis Report" option in "Analysis and Synthesis Settings -> More Settings" to "Off".


+-------------------------------------------------------------------------------------------------------------------------+
; Port Connectivity Checks: "IR_RECEIVE:IR_1"                                                                             ;
+---------------+--------+----------+-------------------------------------------------------------------------------------+
; Port          ; Type   ; Severity ; Details                                                                             ;
+---------------+--------+----------+-------------------------------------------------------------------------------------+
; oDATA[31..24] ; Output ; Info     ; Connected to dangling logic. Logic that only feeds a dangling port will be removed. ;
; oDATA[15..0]  ; Output ; Info     ; Connected to dangling logic. Logic that only feeds a dangling port will be removed. ;
+---------------+--------+----------+-------------------------------------------------------------------------------------+


+-------------------------------+
; Elapsed Time Per Partition    ;
+----------------+--------------+
; Partition Name ; Elapsed Time ;
+----------------+--------------+
; Top            ; 00:00:06     ;
+----------------+--------------+


+-------------------------------+
; Analysis & Synthesis Messages ;
+-------------------------------+
Info: *******************************************************************
Info: Running Quartus II 64-Bit Analysis & Synthesis
    Info: Version 13.1.0 Build 162 10/23/2013 SJ Web Edition
    Info: Processing started: Mon Dec 30 01:37:03 2019
Info: Command: quartus_map --read_settings_files=on --write_settings_files=off End -c End
Info (11104): Parallel Compilation has detected 8 hyper-threaded processors. However, the extra hyper-threaded processors will not be used by default. Parallel Compilation will use 4 of the 4 physical processors detected instead.
Info (12021): Found 7 design units, including 7 entities, in source file end.v
    Info (12023): Found entity 1: Roles
    Info (12023): Found entity 2: Cactus
    Info (12023): Found entity 3: VGA
    Info (12023): Found entity 4: IR_RECEIVE
    Info (12023): Found entity 5: BCD_16bit
    Info (12023): Found entity 6: Segment_7
    Info (12023): Found entity 7: End
Warning (10236): Verilog HDL Implicit Net warning at VGA.v(29): created implicit net for "VGA_SYNC_N"
Info (12127): Elaborating entity "End" for the top level hierarchy
Warning (10230): Verilog HDL assignment warning at End.v(17): truncated value with size 32 to match size of target (1)
Warning (10230): Verilog HDL assignment warning at End.v(49): truncated value with size 32 to match size of target (22)
Warning (10230): Verilog HDL assignment warning at End.v(139): truncated value with size 32 to match size of target (16)
Warning (10230): Verilog HDL assignment warning at End.v(184): truncated value with size 32 to match size of target (1)
Warning (10230): Verilog HDL assignment warning at End.v(192): truncated value with size 32 to match size of target (10)
Warning (10230): Verilog HDL assignment warning at End.v(193): truncated value with size 32 to match size of target (10)
Warning (10230): Verilog HDL assignment warning at End.v(220): truncated value with size 32 to match size of target (4)
Warning (10230): Verilog HDL assignment warning at End.v(221): truncated value with size 32 to match size of target (4)
Info (12128): Elaborating entity "VGA" for hierarchy "VGA:vga_"
Warning (10036): Verilog HDL or VHDL warning at VGA.v(29): object "VGA_SYNC_N" assigned a value but never read
Warning (10230): Verilog HDL assignment warning at VGA.v(52): truncated value with size 32 to match size of target (13)
Warning (10230): Verilog HDL assignment warning at VGA.v(74): truncated value with size 32 to match size of target (13)
Info (12128): Elaborating entity "IR_RECEIVE" for hierarchy "IR_RECEIVE:IR_1"
Info (12128): Elaborating entity "BCD_16bit" for hierarchy "BCD_16bit:bcd_16bit"
Warning (10230): Verilog HDL assignment warning at BCD_16bit.v(27): truncated value with size 4 to match size of target (1)
Info (12128): Elaborating entity "Segment_7" for hierarchy "Segment_7:hex_0"
Info (12128): Elaborating entity "Roles" for hierarchy "Roles:roles_"
Warning (10230): Verilog HDL assignment warning at Roles.v(26): truncated value with size 32 to match size of target (10)
Warning (10230): Verilog HDL assignment warning at Roles.v(31): truncated value with size 32 to match size of target (8)
Warning (10230): Verilog HDL assignment warning at Roles.v(33): truncated value with size 32 to match size of target (10)
Warning (10230): Verilog HDL assignment warning at Roles.v(34): truncated value with size 32 to match size of target (8)
Warning (10240): Verilog HDL Always Construct warning at Roles.v(23): inferring latch(es) for variable "Point_X", which holds its previous value in one or more paths through the always construct
Info (10041): Inferred latch for "Point_X[0]" at Roles.v(23)
Info (10041): Inferred latch for "Point_X[1]" at Roles.v(23)
Info (10041): Inferred latch for "Point_X[2]" at Roles.v(23)
Info (10041): Inferred latch for "Point_X[3]" at Roles.v(23)
Info (10041): Inferred latch for "Point_X[4]" at Roles.v(23)
Info (10041): Inferred latch for "Point_X[5]" at Roles.v(23)
Info (10041): Inferred latch for "Point_X[6]" at Roles.v(23)
Info (10041): Inferred latch for "Point_X[7]" at Roles.v(23)
Info (10041): Inferred latch for "Point_X[8]" at Roles.v(23)
Info (10041): Inferred latch for "Point_X[9]" at Roles.v(23)
Info (12128): Elaborating entity "Cactus" for hierarchy "Cactus:Cactus_"
Warning (10230): Verilog HDL assignment warning at Cactus.v(16): truncated value with size 32 to match size of target (10)
Warning (10230): Verilog HDL assignment warning at Cactus.v(18): truncated value with size 32 to match size of target (10)
Warning (10240): Verilog HDL Always Construct warning at Cactus.v(13): inferring latch(es) for variable "Point_Y", which holds its previous value in one or more paths through the always construct
Info (10041): Inferred latch for "Point_Y[0]" at Cactus.v(13)
Info (10041): Inferred latch for "Point_Y[1]" at Cactus.v(13)
Info (10041): Inferred latch for "Point_Y[2]" at Cactus.v(13)
Info (10041): Inferred latch for "Point_Y[3]" at Cactus.v(13)
Info (10041): Inferred latch for "Point_Y[4]" at Cactus.v(13)
Info (10041): Inferred latch for "Point_Y[5]" at Cactus.v(13)
Info (10041): Inferred latch for "Point_Y[6]" at Cactus.v(13)
Info (10041): Inferred latch for "Point_Y[7]" at Cactus.v(13)
Info (10041): Inferred latch for "Point_Y[8]" at Cactus.v(13)
Info (10041): Inferred latch for "Point_Y[9]" at Cactus.v(13)
Info (13000): Registers with preset signals will power-up high
Info (13003): DEV_CLRn pin will set, and not reset, register with preset signal due to NOT Gate Push-Back
Warning (13024): Output pins are stuck at VCC or GND
    Warning (13410): Pin "HEX0[1]" is stuck at GND
    Warning (13410): Pin "HEX1[0]" is stuck at GND
    Warning (13410): Pin "HEX1[1]" is stuck at GND
    Warning (13410): Pin "HEX1[2]" is stuck at GND
    Warning (13410): Pin "HEX1[3]" is stuck at GND
    Warning (13410): Pin "HEX1[4]" is stuck at GND
    Warning (13410): Pin "HEX1[5]" is stuck at GND
    Warning (13410): Pin "HEX1[6]" is stuck at VCC
    Warning (13410): Pin "HEX2[0]" is stuck at GND
    Warning (13410): Pin "HEX2[1]" is stuck at GND
    Warning (13410): Pin "HEX2[2]" is stuck at GND
    Warning (13410): Pin "HEX2[3]" is stuck at GND
    Warning (13410): Pin "HEX2[4]" is stuck at GND
    Warning (13410): Pin "HEX2[5]" is stuck at GND
    Warning (13410): Pin "HEX2[6]" is stuck at VCC
    Warning (13410): Pin "HEX3[0]" is stuck at GND
    Warning (13410): Pin "HEX3[1]" is stuck at GND
    Warning (13410): Pin "HEX3[2]" is stuck at GND
    Warning (13410): Pin "HEX3[3]" is stuck at GND
    Warning (13410): Pin "HEX3[4]" is stuck at GND
    Warning (13410): Pin "HEX3[5]" is stuck at GND
    Warning (13410): Pin "HEX3[6]" is stuck at VCC
Info (286030): Timing-Driven Synthesis is running
Info (17049): 14 registers lost all their fanouts during netlist optimizations.
Info (16010): Generating hard_block partition "hard_block:auto_generated_inst"
    Info (16011): Adding 0 node(s), including 0 DDIO, 0 PLL, 0 transceiver and 0 LCELL
Info (21057): Implemented 1199 device resources after synthesis - the final resource count might be different
    Info (21058): Implemented 4 input pins
    Info (21059): Implemented 61 output pins
    Info (21061): Implemented 1134 logic cells
Info: Quartus II 64-Bit Analysis & Synthesis was successful. 0 errors, 44 warnings
    Info: Peak virtual memory: 4670 megabytes
    Info: Processing ended: Mon Dec 30 01:37:13 2019
    Info: Elapsed time: 00:00:10
    Info: Total CPU time (on all processors): 00:00:10


